<?xml version="1.0" encoding="UTF-8"?>
<!-- Generated by org.testng.reporters.JUnitXMLReporter -->
<testsuite ignored="0" hostname="DESKTOP-HA3CHSD" failures="1" tests="3" name="Error Validation Test" time="23.596" errors="0" timestamp="2024-12-05T11:23:02 IST">
  <testcase classname="ecommerce.test.ErrorValidation" name="ProductValidation" time="3.607"/>
  <testcase classname="ecommerce.test.ErrorValidation" name="loginErrorValidation" time="0.883">
    <skipped/>
  </testcase> <!-- loginErrorValidation -->
  <testcase classname="ecommerce.test.ErrorValidation" name="loginErrorValidation" time="0.832">
    <failure type="java.lang.AssertionError" message="expected [Incorrect email or password.] but found [Incorrect emailpassword.]">
      <![CDATA[java.lang.AssertionError: expected [Incorrect email or password.] but found [Incorrect emailpassword.]
at ecommerce.test.ErrorValidation.loginErrorValidation(ErrorValidation.java:21)
at java.base/java.util.ArrayList.forEach(ArrayList.java:1596)
at java.base/java.util.concurrent.FutureTask.run(FutureTask.java:317)
at java.base/java.util.concurrent.ThreadPoolExecutor.runWorker(ThreadPoolExecutor.java:1144)
at java.base/java.util.concurrent.ThreadPoolExecutor$Worker.run(ThreadPoolExecutor.java:642)
at java.base/java.lang.Thread.run(Thread.java:1583)
... Removed 21 stack frames]]>
    </failure>
  </testcase> <!-- loginErrorValidation -->
</testsuite> <!-- Error Validation Test -->
