<?xml version="1.0" encoding="UTF-8"?>
<!-- Generated by org.testng.reporters.JUnitXMLReporter -->
<testsuite ignored="2" hostname="DESKTOP-HA3CHSD" failures="0" tests="0" time="0.017" errors="0" timestamp="2024-12-05T11:22:39 IST">
  <testcase classname="ecommerce.test.EcommerceTest2" name="submitOrder" time="0.0">
    <ignored/>
  </testcase> <!-- submitOrder -->
  <testcase classname="ecommerce.test.EcommerceTest2" name="OrderHistoryTest" time="0.0">
    <ignored/>
  </testcase> <!-- OrderHistoryTest -->
</testsuite>
