<?xml version="1.0" encoding="UTF-8"?>
<testng-results ignored="0" total="0" passed="0" failed="0" skipped="0">
  <reporter-output>
  </reporter-output>
  <suite started-at="2024-12-06T13:52:22 IST" name="Surefire suite" finished-at="2024-12-06T13:52:23 IST" duration-ms="1454">
    <groups>
      <group name="cucumber">
        <method signature="AbstractTestNGCucumberTests.runScenario(io.cucumber.testng.PickleWrapper,io.cucumber.testng.FeatureWrapper)[pri:0, instance:cucumber.TestNGCucumberTestRunner@16ec5519]" name="runScenario" class="io.cucumber.testng.AbstractTestNGCucumberTests"/>
      </group> <!-- cucumber -->
    </groups>
    <test started-at="2024-12-06T13:52:22 IST" name="Surefire test" finished-at="2024-12-06T13:52:23 IST" duration-ms="1454">
      <class name="cucumber.TestNGCucumberTestRunner">
        <test-method is-config="true" signature="setUpClass(org.testng.ITestContext)[pri:0, instance:cucumber.TestNGCucumberTestRunner@16ec5519]" started-at="2024-12-06T13:52:22 IST" name="setUpClass" finished-at="2024-12-06T13:52:23 IST" duration-ms="1308" status="PASS">
          <params>
            <param index="0">
              <value>
                <![CDATA[org.testng.TestRunner@5b057c8c]]>
              </value>
            </param>
          </params>
          <reporter-output>
          </reporter-output>
        </test-method> <!-- setUpClass -->
        <test-method is-config="true" signature="tearDownClass()[pri:0, instance:cucumber.TestNGCucumberTestRunner@16ec5519]" started-at="2024-12-06T13:52:23 IST" name="tearDownClass" finished-at="2024-12-06T13:52:23 IST" duration-ms="71" status="PASS">
          <reporter-output>
          </reporter-output>
        </test-method> <!-- tearDownClass -->
      </class> <!-- cucumber.TestNGCucumberTestRunner -->
    </test> <!-- Surefire test -->
  </suite> <!-- Surefire suite -->
</testng-results>
